[0.243s] DEBUG:colcon:Command line arguments: ['/usr/bin/colcon', 'build', '--packages-select', 'turtle_bot_3']
[0.243s] DEBUG:colcon:Parsed command line arguments: Namespace(log_base=None, log_level=None, verb_name='build', build_base='build', install_base='install', merge_install=False, symlink_install=False, test_result_base=None, continue_on_error=False, executor='parallel', parallel_workers=3, event_handlers=None, ignore_user_meta=False, metas=['./colcon.meta'], base_paths=['.'], packages_ignore=None, packages_ignore_regex=None, paths=None, packages_up_to=None, packages_up_to_regex=None, packages_above=None, packages_above_and_dependencies=None, packages_above_depth=None, packages_select_by_dep=None, packages_skip_by_dep=None, packages_skip_up_to=None, packages_select_build_failed=False, packages_skip_build_finished=False, packages_select_test_failures=False, packages_skip_test_passed=False, packages_select=['turtle_bot_3'], packages_skip=None, packages_select_regex=None, packages_skip_regex=None, packages_start=None, packages_end=None, allow_overriding=[], cmake_args=None, cmake_target=None, cmake_target_skip_unavailable=False, cmake_clean_cache=False, cmake_clean_first=False, cmake_force_configure=False, ament_cmake_args=None, catkin_cmake_args=None, catkin_skip_building_tests=False, verb_parser=<colcon_defaults.argument_parser.defaults.DefaultArgumentsDecorator object at 0x75f25663a8f0>, verb_extension=<colcon_core.verb.build.BuildVerb object at 0x75f25663a350>, main=<bound method BuildVerb.main of <colcon_core.verb.build.BuildVerb object at 0x75f25663a350>>)
[0.672s] Level 1:colcon.colcon_core.package_discovery:discover_packages(colcon_meta) check parameters
[0.672s] Level 1:colcon.colcon_core.package_discovery:discover_packages(recursive) check parameters
[0.672s] Level 1:colcon.colcon_core.package_discovery:discover_packages(ignore) check parameters
[0.672s] Level 1:colcon.colcon_core.package_discovery:discover_packages(path) check parameters
[0.672s] Level 1:colcon.colcon_core.package_discovery:discover_packages(colcon_meta) discover
[0.672s] Level 1:colcon.colcon_core.package_discovery:discover_packages(recursive) discover
[0.673s] INFO:colcon.colcon_core.package_discovery:Crawling recursively for packages in '/home/robotica/taller1_ws/src/turtle_bot_3'
[0.673s] Level 1:colcon.colcon_core.package_identification:_identify(.) by extensions ['ignore', 'ignore_ament_install']
[0.673s] Level 1:colcon.colcon_core.package_identification:_identify(.) by extension 'ignore'
[0.673s] Level 1:colcon.colcon_core.package_identification:_identify(.) by extension 'ignore_ament_install'
[0.673s] Level 1:colcon.colcon_core.package_identification:_identify(.) by extensions ['colcon_pkg']
[0.673s] Level 1:colcon.colcon_core.package_identification:_identify(.) by extension 'colcon_pkg'
[0.674s] Level 1:colcon.colcon_core.package_identification:_identify(.) by extensions ['colcon_meta']
[0.674s] Level 1:colcon.colcon_core.package_identification:_identify(.) by extension 'colcon_meta'
[0.674s] Level 1:colcon.colcon_core.package_identification:_identify(.) by extensions ['ros']
[0.674s] Level 1:colcon.colcon_core.package_identification:_identify(.) by extension 'ros'
[0.707s] DEBUG:colcon.colcon_core.package_identification:Package '.' with type 'ros.ament_python' and name 'turtle_bot_3'
[0.707s] Level 1:colcon.colcon_core.package_discovery:discover_packages(recursive) using defaults
[0.707s] Level 1:colcon.colcon_core.package_discovery:discover_packages(ignore) discover
[0.707s] Level 1:colcon.colcon_core.package_discovery:discover_packages(ignore) using defaults
[0.707s] Level 1:colcon.colcon_core.package_discovery:discover_packages(path) discover
[0.708s] Level 1:colcon.colcon_core.package_discovery:discover_packages(path) using defaults
[0.755s] Level 1:colcon.colcon_core.package_discovery:discover_packages(prefix_path) check parameters
[0.755s] Level 1:colcon.colcon_core.package_discovery:discover_packages(prefix_path) discover
[0.762s] DEBUG:colcon.colcon_installed_package_information.package_discovery:Found 271 installed packages in /opt/ros/humble
[0.767s] Level 1:colcon.colcon_core.package_discovery:discover_packages(prefix_path) using defaults
[0.910s] Level 5:colcon.colcon_core.verb:set package 'turtle_bot_3' build argument 'cmake_args' from command line to 'None'
[0.911s] Level 5:colcon.colcon_core.verb:set package 'turtle_bot_3' build argument 'cmake_target' from command line to 'None'
[0.911s] Level 5:colcon.colcon_core.verb:set package 'turtle_bot_3' build argument 'cmake_target_skip_unavailable' from command line to 'False'
[0.911s] Level 5:colcon.colcon_core.verb:set package 'turtle_bot_3' build argument 'cmake_clean_cache' from command line to 'False'
[0.911s] Level 5:colcon.colcon_core.verb:set package 'turtle_bot_3' build argument 'cmake_clean_first' from command line to 'False'
[0.911s] Level 5:colcon.colcon_core.verb:set package 'turtle_bot_3' build argument 'cmake_force_configure' from command line to 'False'
[0.911s] Level 5:colcon.colcon_core.verb:set package 'turtle_bot_3' build argument 'ament_cmake_args' from command line to 'None'
[0.911s] Level 5:colcon.colcon_core.verb:set package 'turtle_bot_3' build argument 'catkin_cmake_args' from command line to 'None'
[0.911s] Level 5:colcon.colcon_core.verb:set package 'turtle_bot_3' build argument 'catkin_skip_building_tests' from command line to 'False'
[0.911s] DEBUG:colcon.colcon_core.verb:Building package 'turtle_bot_3' with the following arguments: {'ament_cmake_args': None, 'build_base': '/home/robotica/taller1_ws/src/turtle_bot_3/build/turtle_bot_3', 'catkin_cmake_args': None, 'catkin_skip_building_tests': False, 'cmake_args': None, 'cmake_clean_cache': False, 'cmake_clean_first': False, 'cmake_force_configure': False, 'cmake_target': None, 'cmake_target_skip_unavailable': False, 'install_base': '/home/robotica/taller1_ws/src/turtle_bot_3/install/turtle_bot_3', 'merge_install': False, 'path': '/home/robotica/taller1_ws/src/turtle_bot_3', 'symlink_install': False, 'test_result_base': None}
[0.912s] INFO:colcon.colcon_core.executor:Executing jobs using 'parallel' executor
[0.916s] DEBUG:colcon.colcon_parallel_executor.executor.parallel:run_until_complete
[0.917s] INFO:colcon.colcon_ros.task.ament_python.build:Building ROS package in '/home/robotica/taller1_ws/src/turtle_bot_3' with build type 'ament_python'
[0.917s] Level 1:colcon.colcon_core.shell:create_environment_hook('turtle_bot_3', 'ament_prefix_path')
[0.930s] INFO:colcon.colcon_core.plugin_system:Skipping extension 'colcon_core.shell.bat': Not used on non-Windows systems
[0.931s] INFO:colcon.colcon_core.shell:Creating environment hook '/home/robotica/taller1_ws/src/turtle_bot_3/install/turtle_bot_3/share/turtle_bot_3/hook/ament_prefix_path.ps1'
[0.935s] INFO:colcon.colcon_core.shell:Creating environment descriptor '/home/robotica/taller1_ws/src/turtle_bot_3/install/turtle_bot_3/share/turtle_bot_3/hook/ament_prefix_path.dsv'
[0.937s] INFO:colcon.colcon_core.shell:Creating environment hook '/home/robotica/taller1_ws/src/turtle_bot_3/install/turtle_bot_3/share/turtle_bot_3/hook/ament_prefix_path.sh'
[0.942s] INFO:colcon.colcon_core.shell:Skip shell extension 'powershell' for command environment: Not usable outside of PowerShell
[0.942s] DEBUG:colcon.colcon_core.shell:Skip shell extension 'dsv' for command environment
[1.958s] INFO:colcon.colcon_core.task.python.build:Building Python package in '/home/robotica/taller1_ws/src/turtle_bot_3'
[1.959s] INFO:colcon.colcon_core.shell:Skip shell extension 'powershell' for command environment: Not usable outside of PowerShell
[1.960s] DEBUG:colcon.colcon_core.shell:Skip shell extension 'dsv' for command environment
[2.985s] DEBUG:colcon.colcon_core.event_handler.log_command:Invoking command in '/home/robotica/taller1_ws/src/turtle_bot_3': PYTHONPATH=/home/robotica/taller1_ws/src/turtle_bot_3/build/turtle_bot_3/prefix_override:/usr/lib/python3/dist-packages/colcon_core/task/python/colcon_distutils_commands:/home/robotica/taller1_ws/src/turtle_bot_3/install/turtle_bot_3/lib/python3.10/site-packages:${PYTHONPATH} /usr/bin/python3 -W ignore:setup.py install is deprecated -W ignore:easy_install command is deprecated setup.py egg_info --egg-base build/turtle_bot_3 build --build-base /home/robotica/taller1_ws/src/turtle_bot_3/build/turtle_bot_3/build install --record /home/robotica/taller1_ws/src/turtle_bot_3/build/turtle_bot_3/install.log --single-version-externally-managed install_data
[4.021s] DEBUG:colcon.colcon_core.event_handler.log_command:Invoked command in '/home/robotica/taller1_ws/src/turtle_bot_3' returned '0': PYTHONPATH=/home/robotica/taller1_ws/src/turtle_bot_3/build/turtle_bot_3/prefix_override:/usr/lib/python3/dist-packages/colcon_core/task/python/colcon_distutils_commands:/home/robotica/taller1_ws/src/turtle_bot_3/install/turtle_bot_3/lib/python3.10/site-packages:${PYTHONPATH} /usr/bin/python3 -W ignore:setup.py install is deprecated -W ignore:easy_install command is deprecated setup.py egg_info --egg-base build/turtle_bot_3 build --build-base /home/robotica/taller1_ws/src/turtle_bot_3/build/turtle_bot_3/build install --record /home/robotica/taller1_ws/src/turtle_bot_3/build/turtle_bot_3/install.log --single-version-externally-managed install_data
[4.032s] Level 1:colcon.colcon_core.environment:checking '/home/robotica/taller1_ws/src/turtle_bot_3/install/turtle_bot_3' for CMake module files
[4.035s] Level 1:colcon.colcon_core.environment:checking '/home/robotica/taller1_ws/src/turtle_bot_3/install/turtle_bot_3' for CMake config files
[4.038s] Level 1:colcon.colcon_core.environment:checking '/home/robotica/taller1_ws/src/turtle_bot_3/install/turtle_bot_3/lib'
[4.039s] Level 1:colcon.colcon_core.environment:checking '/home/robotica/taller1_ws/src/turtle_bot_3/install/turtle_bot_3/bin'
[4.040s] Level 1:colcon.colcon_core.environment:checking '/home/robotica/taller1_ws/src/turtle_bot_3/install/turtle_bot_3/lib/pkgconfig/turtle_bot_3.pc'
[4.040s] Level 1:colcon.colcon_core.environment:checking '/home/robotica/taller1_ws/src/turtle_bot_3/install/turtle_bot_3/lib/python3.10/site-packages'
[4.041s] Level 1:colcon.colcon_core.shell:create_environment_hook('turtle_bot_3', 'pythonpath')
[4.042s] INFO:colcon.colcon_core.shell:Creating environment hook '/home/robotica/taller1_ws/src/turtle_bot_3/install/turtle_bot_3/share/turtle_bot_3/hook/pythonpath.ps1'
[4.044s] INFO:colcon.colcon_core.shell:Creating environment descriptor '/home/robotica/taller1_ws/src/turtle_bot_3/install/turtle_bot_3/share/turtle_bot_3/hook/pythonpath.dsv'
[4.046s] INFO:colcon.colcon_core.shell:Creating environment hook '/home/robotica/taller1_ws/src/turtle_bot_3/install/turtle_bot_3/share/turtle_bot_3/hook/pythonpath.sh'
[4.048s] Level 1:colcon.colcon_core.environment:checking '/home/robotica/taller1_ws/src/turtle_bot_3/install/turtle_bot_3/bin'
[4.049s] Level 1:colcon.colcon_core.environment:create_environment_scripts_only(turtle_bot_3)
[4.050s] INFO:colcon.colcon_core.shell:Creating package script '/home/robotica/taller1_ws/src/turtle_bot_3/install/turtle_bot_3/share/turtle_bot_3/package.ps1'
[4.054s] INFO:colcon.colcon_core.shell:Creating package descriptor '/home/robotica/taller1_ws/src/turtle_bot_3/install/turtle_bot_3/share/turtle_bot_3/package.dsv'
[4.057s] INFO:colcon.colcon_core.shell:Creating package script '/home/robotica/taller1_ws/src/turtle_bot_3/install/turtle_bot_3/share/turtle_bot_3/package.sh'
[4.059s] INFO:colcon.colcon_core.shell:Creating package script '/home/robotica/taller1_ws/src/turtle_bot_3/install/turtle_bot_3/share/turtle_bot_3/package.bash'
[4.062s] INFO:colcon.colcon_core.shell:Creating package script '/home/robotica/taller1_ws/src/turtle_bot_3/install/turtle_bot_3/share/turtle_bot_3/package.zsh'
[4.064s] Level 1:colcon.colcon_core.environment:create_file_with_runtime_dependencies(/home/robotica/taller1_ws/src/turtle_bot_3/install/turtle_bot_3/share/colcon-core/packages/turtle_bot_3)
[4.067s] DEBUG:colcon.colcon_parallel_executor.executor.parallel:closing loop
[4.069s] DEBUG:colcon.colcon_parallel_executor.executor.parallel:loop closed
[4.071s] DEBUG:colcon.colcon_parallel_executor.executor.parallel:run_until_complete finished with '0'
[4.071s] DEBUG:colcon.colcon_core.event_reactor:joining thread
[4.100s] INFO:colcon.colcon_core.plugin_system:Skipping extension 'colcon_notification.desktop_notification.terminal_notifier': Not used on non-Darwin systems
[4.103s] INFO:colcon.colcon_core.plugin_system:Skipping extension 'colcon_notification.desktop_notification.win32': Not used on non-Windows systems
[4.104s] INFO:colcon.colcon_notification.desktop_notification:Sending desktop notification using 'notify2'
[4.199s] DEBUG:colcon.colcon_core.event_reactor:joined thread
[4.201s] INFO:colcon.colcon_core.shell:Creating prefix script '/home/robotica/taller1_ws/src/turtle_bot_3/install/local_setup.ps1'
[4.207s] INFO:colcon.colcon_core.shell:Creating prefix util module '/home/robotica/taller1_ws/src/turtle_bot_3/install/_local_setup_util_ps1.py'
[4.216s] INFO:colcon.colcon_core.shell:Creating prefix chain script '/home/robotica/taller1_ws/src/turtle_bot_3/install/setup.ps1'
[4.222s] INFO:colcon.colcon_core.shell:Creating prefix script '/home/robotica/taller1_ws/src/turtle_bot_3/install/local_setup.sh'
[4.225s] INFO:colcon.colcon_core.shell:Creating prefix util module '/home/robotica/taller1_ws/src/turtle_bot_3/install/_local_setup_util_sh.py'
[4.230s] INFO:colcon.colcon_core.shell:Creating prefix chain script '/home/robotica/taller1_ws/src/turtle_bot_3/install/setup.sh'
[4.238s] INFO:colcon.colcon_core.shell:Creating prefix script '/home/robotica/taller1_ws/src/turtle_bot_3/install/local_setup.bash'
[4.242s] INFO:colcon.colcon_core.shell:Creating prefix chain script '/home/robotica/taller1_ws/src/turtle_bot_3/install/setup.bash'
[4.249s] INFO:colcon.colcon_core.shell:Creating prefix script '/home/robotica/taller1_ws/src/turtle_bot_3/install/local_setup.zsh'
[4.252s] INFO:colcon.colcon_core.shell:Creating prefix chain script '/home/robotica/taller1_ws/src/turtle_bot_3/install/setup.zsh'
