running egg_info
creating build/turtle_bot_3/turtle_bot_3.egg-info
writing build/turtle_bot_3/turtle_bot_3.egg-info/PKG-INFO
writing dependency_links to build/turtle_bot_3/turtle_bot_3.egg-info/dependency_links.txt
writing entry points to build/turtle_bot_3/turtle_bot_3.egg-info/entry_points.txt
writing requirements to build/turtle_bot_3/turtle_bot_3.egg-info/requires.txt
writing top-level names to build/turtle_bot_3/turtle_bot_3.egg-info/top_level.txt
writing manifest file 'build/turtle_bot_3/turtle_bot_3.egg-info/SOURCES.txt'
reading manifest file 'build/turtle_bot_3/turtle_bot_3.egg-info/SOURCES.txt'
writing manifest file 'build/turtle_bot_3/turtle_bot_3.egg-info/SOURCES.txt'
running build
running install
running install_data
creating /home/robotica/taller1_ws/src/turtle_bot_3/install/turtle_bot_3/share/ament_index
creating /home/robotica/taller1_ws/src/turtle_bot_3/install/turtle_bot_3/share/ament_index/resource_index
creating /home/robotica/taller1_ws/src/turtle_bot_3/install/turtle_bot_3/share/ament_index/resource_index/packages
copying resource/turtle_bot_3 -> /home/robotica/taller1_ws/src/turtle_bot_3/install/turtle_bot_3/share/ament_index/resource_index/packages
copying package.xml -> /home/robotica/taller1_ws/src/turtle_bot_3/install/turtle_bot_3/share/turtle_bot_3
running install_egg_info
Copying build/turtle_bot_3/turtle_bot_3.egg-info to /home/robotica/taller1_ws/src/turtle_bot_3/install/turtle_bot_3/lib/python3.10/site-packages/turtle_bot_3-0.0.0-py3.10.egg-info
running install_scripts
Installing teleop script to /home/robotica/taller1_ws/src/turtle_bot_3/install/turtle_bot_3/lib/turtle_bot_3
writing list of installed files to '/home/robotica/taller1_ws/src/turtle_bot_3/build/turtle_bot_3/install.log'
