[2.065s] Invoking command in '/home/robotica/taller1_ws/src/turtle_bot_3': PYTHONPATH=/home/robotica/taller1_ws/src/turtle_bot_3/build/turtle_bot_3/prefix_override:/usr/lib/python3/dist-packages/colcon_core/task/python/colcon_distutils_commands:/home/robotica/taller1_ws/src/turtle_bot_3/install/turtle_bot_3/lib/python3.10/site-packages:${PYTHONPATH} /usr/bin/python3 -W ignore:setup.py install is deprecated -W ignore:easy_install command is deprecated setup.py egg_info --egg-base build/turtle_bot_3 build --build-base /home/robotica/taller1_ws/src/turtle_bot_3/build/turtle_bot_3/build install --record /home/robotica/taller1_ws/src/turtle_bot_3/build/turtle_bot_3/install.log --single-version-externally-managed install_data
[2.779s] running egg_info
[2.785s] creating build/turtle_bot_3/turtle_bot_3.egg-info
[2.785s] writing build/turtle_bot_3/turtle_bot_3.egg-info/PKG-INFO
[2.786s] writing dependency_links to build/turtle_bot_3/turtle_bot_3.egg-info/dependency_links.txt
[2.787s] writing entry points to build/turtle_bot_3/turtle_bot_3.egg-info/entry_points.txt
[2.788s] writing requirements to build/turtle_bot_3/turtle_bot_3.egg-info/requires.txt
[2.789s] writing top-level names to build/turtle_bot_3/turtle_bot_3.egg-info/top_level.txt
[2.790s] writing manifest file 'build/turtle_bot_3/turtle_bot_3.egg-info/SOURCES.txt'
[2.795s] reading manifest file 'build/turtle_bot_3/turtle_bot_3.egg-info/SOURCES.txt'
[2.798s] writing manifest file 'build/turtle_bot_3/turtle_bot_3.egg-info/SOURCES.txt'
[2.800s] running build
[2.800s] running install
[2.802s] running install_data
[2.803s] creating /home/robotica/taller1_ws/src/turtle_bot_3/install/turtle_bot_3/share/ament_index
[2.803s] creating /home/robotica/taller1_ws/src/turtle_bot_3/install/turtle_bot_3/share/ament_index/resource_index
[2.804s] creating /home/robotica/taller1_ws/src/turtle_bot_3/install/turtle_bot_3/share/ament_index/resource_index/packages
[2.804s] copying resource/turtle_bot_3 -> /home/robotica/taller1_ws/src/turtle_bot_3/install/turtle_bot_3/share/ament_index/resource_index/packages
[2.804s] copying package.xml -> /home/robotica/taller1_ws/src/turtle_bot_3/install/turtle_bot_3/share/turtle_bot_3
[2.805s] running install_egg_info
[2.817s] Copying build/turtle_bot_3/turtle_bot_3.egg-info to /home/robotica/taller1_ws/src/turtle_bot_3/install/turtle_bot_3/lib/python3.10/site-packages/turtle_bot_3-0.0.0-py3.10.egg-info
[2.822s] running install_scripts
[2.926s] Installing teleop script to /home/robotica/taller1_ws/src/turtle_bot_3/install/turtle_bot_3/lib/turtle_bot_3
[2.927s] writing list of installed files to '/home/robotica/taller1_ws/src/turtle_bot_3/build/turtle_bot_3/install.log'
[3.102s] Invoked command in '/home/robotica/taller1_ws/src/turtle_bot_3' returned '0': PYTHONPATH=/home/robotica/taller1_ws/src/turtle_bot_3/build/turtle_bot_3/prefix_override:/usr/lib/python3/dist-packages/colcon_core/task/python/colcon_distutils_commands:/home/robotica/taller1_ws/src/turtle_bot_3/install/turtle_bot_3/lib/python3.10/site-packages:${PYTHONPATH} /usr/bin/python3 -W ignore:setup.py install is deprecated -W ignore:easy_install command is deprecated setup.py egg_info --egg-base build/turtle_bot_3 build --build-base /home/robotica/taller1_ws/src/turtle_bot_3/build/turtle_bot_3/build install --record /home/robotica/taller1_ws/src/turtle_bot_3/build/turtle_bot_3/install.log --single-version-externally-managed install_data
